# JRE version: Java(TM) SE Runtime Environment (24.0.2+12) (build 24.0.2+12-54)
# Java VM: Java HotSpot(TM) 64-Bit Server VM (24.0.2+12-54, mixed mode, sharing, tiered, compressed oops, compressed class ptrs, g1 gc, windows-amd64)
GC Precious Log:
 CardTable entry size: 512
 Card Set container configuration: InlinePtr #cards 5 size 8 Array Of Cards #cards 10 size 36 Howl #buckets 4 coarsen threshold 1843 Howl Bitmap #cards 512 size 80 coarsen threshold 460 Card regions per heap region 1 cards per card region 2048
 CPUs: 4 total, 4 available
 Memory: 6023M
 Large Page Support: Disabled
 NUMA Support: Disabled
 Compressed Oops: Enabled (32-bit)
 Heap Region Size: 1M
 Heap Min Capacity: 8M
 Heap Initial Capacity: 96M
 Heap Max Capacity: 1506M
 Pre-touch: Disabled
 Parallel Workers: 4
 Concurrent Workers: 1
 Concurrent Refinement Workers: 4
 Periodic GC: Disabled
Heap:
 garbage-first heap   total reserved 1542144K, committed 61440K, used 30309K [0x00000000a1e00000, 0x0000000100000000)
  region size 1024K, 16 young (16384K), 2 survivors (2048K)
 Metaspace       used 24365K, committed 24576K, reserved 1114112K
  class space    used 2381K, committed 2496K, reserved 1048576K
GC Heap History (8 events):
Event: 1.806 GC heap before
{Heap before GC invocations=0 (full 0):
 garbage-first heap   total reserved 1542144K, committed 100352K, used 29812K [0x00000000a1e00000, 0x0000000100000000)
  region size 1024K, 28 young (28672K), 0 survivors (0K)
 Metaspace       used 6122K, committed 6208K, reserved 1114112K
  class space    used 539K, committed 576K, reserved 1048576K
}
Event: 1.819 GC heap after
{Heap after GC invocations=1 (full 0):
 garbage-first heap   total reserved 1542144K, committed 100352K, used 4596K [0x00000000a1e00000, 0x0000000100000000)
  region size 1024K, 4 young (4096K), 4 survivors (4096K)
 Metaspace       used 6122K, committed 6208K, reserved 1114112K
  class space    used 539K, committed 576K, reserved 1048576K
}
Event: 3.534 GC heap before
{Heap before GC invocations=1 (full 0):
 garbage-first heap   total reserved 1542144K, committed 100352K, used 45556K [0x00000000a1e00000, 0x0000000100000000)
  region size 1024K, 44 young (45056K), 4 survivors (4096K)
 Metaspace       used 13754K, committed 13952K, reserved 1114112K
  class space    used 1347K, committed 1408K, reserved 1048576K
}
Event: 3.553 GC heap after
{Heap after GC invocations=2 (full 0):
 garbage-first heap   total reserved 1542144K, committed 100352K, used 7828K [0x00000000a1e00000, 0x0000000100000000)
  region size 1024K, 4 young (4096K), 4 survivors (4096K)
 Metaspace       used 13754K, committed 13952K, reserved 1114112K
  class space    used 1347K, committed 1408K, reserved 1048576K
}
Event: 6.504 GC heap before
{Heap before GC invocations=2 (full 0):
 garbage-first heap   total reserved 1542144K, committed 100352K, used 49812K [0x00000000a1e00000, 0x0000000100000000)
  region size 1024K, 46 young (47104K), 4 survivors (4096K)
 Metaspace       used 21245K, committed 21504K, reserved 1114112K
  class space    used 2108K, committed 2240K, reserved 1048576K
}
Event: 6.530 GC heap after
{Heap after GC invocations=3 (full 0):
 garbage-first heap   total reserved 1542144K, committed 100352K, used 14452K [0x00000000a1e00000, 0x0000000100000000)
  region size 1024K, 7 young (7168K), 7 survivors (7168K)
 Metaspace       used 21245K, committed 21504K, reserved 1114112K
  class space    used 2108K, committed 2240K, reserved 1048576K
}
Event: 27.915 GC heap before
{Heap before GC invocations=4 (full 0):
 garbage-first heap   total reserved 1542144K, committed 51200K, used 49268K [0x00000000a1e00000, 0x0000000100000000)
  region size 1024K, 42 young (43008K), 7 survivors (7168K)
 Metaspace       used 23957K, committed 24256K, reserved 1114112K
  class space    used 2363K, committed 2496K, reserved 1048576K
}
Event: 27.941 GC heap after
{Heap after GC invocations=5 (full 0):
 garbage-first heap   total reserved 1542144K, committed 61440K, used 16997K [0x00000000a1e00000, 0x0000000100000000)
  region size 1024K, 2 young (2048K), 2 survivors (2048K)
 Metaspace       used 23957K, committed 24256K, reserved 1114112K
  class space    used 2363K, committed 2496K, reserved 1048576K
}

